[debug] [2020-12-04T06:11:04.646Z] ----------------------------------------------------------------------
[debug] [2020-12-04T06:11:04.649Z] Command:       C:\Program Files\nodejs\node.exe C:\Users\DANNY\AppData\Roaming\npm\node_modules\firebase-tools\lib\bin\firebase.js init
[debug] [2020-12-04T06:11:04.649Z] CLI Version:   8.17.0
[debug] [2020-12-04T06:11:04.649Z] Platform:      win32
[debug] [2020-12-04T06:11:04.649Z] Node Version:  v12.19.0
[debug] [2020-12-04T06:11:04.651Z] Time:          Thu Dec 03 2020 22:11:04 GMT-0800 (Pacific Standard Time)
[debug] [2020-12-04T06:11:04.651Z] ----------------------------------------------------------------------
[debug] [2020-12-04T06:11:04.651Z] 
[debug] [2020-12-04T06:11:04.656Z] > command requires scopes: ["email","openid","https://www.googleapis.com/auth/cloudplatformprojects.readonly","https://www.googleapis.com/auth/firebase","https://www.googleapis.com/auth/cloud-platform"]
[debug] [2020-12-04T06:11:04.657Z] > authorizing via signed-in user
[info] 
     ######## #### ########  ######## ########     ###     ######  ########
     ##        ##  ##     ## ##       ##     ##  ##   ##  ##       ##
     ######    ##  ########  ######   ########  #########  ######  ######
     ##        ##  ##    ##  ##       ##     ## ##     ##       ## ##
     ##       #### ##     ## ######## ########  ##     ##  ######  ########

You're about to initialize a Firebase project in this directory:

  E:\Projects\react-portfolio

[info] 
=== Project Setup
[info] 
[info] First, let's associate this project directory with a Firebase project.
[info] You can create multiple project aliases by running firebase use --add, 
[info] but for now we'll just set up a default project.
[info] 
[debug] [2020-12-04T06:11:26.288Z] > refreshing access token with scopes: ["email","https://www.googleapis.com/auth/cloud-platform","https://www.googleapis.com/auth/cloudplatformprojects.readonly","https://www.googleapis.com/auth/firebase","openid"]
[debug] [2020-12-04T06:11:26.288Z] >>> HTTP REQUEST POST https://www.googleapis.com/oauth2/v3/token  
 <request body omitted>
[debug] [2020-12-04T06:11:26.451Z] <<< HTTP RESPONSE 200 {"pragma":"no-cache","date":"Fri, 04 Dec 2020 06:11:28 GMT","expires":"Mon, 01 Jan 1990 00:00:00 GMT","cache-control":"no-cache, no-store, max-age=0, must-revalidate","content-type":"application/json; charset=utf-8","vary":"X-Origin, Referer, Origin,Accept-Encoding","server":"scaffolding on HTTPServer2","x-xss-protection":"0","x-frame-options":"SAMEORIGIN","x-content-type-options":"nosniff","alt-svc":"h3-29=\":443\"; ma=2592000,h3-T051=\":443\"; ma=2592000,h3-Q050=\":443\"; ma=2592000,h3-Q046=\":443\"; ma=2592000,h3-Q043=\":443\"; ma=2592000,quic=\":443\"; ma=2592000; v=\"46,43\"","accept-ranges":"none","transfer-encoding":"chunked"}
[debug] [2020-12-04T06:11:26.526Z] >>> HTTP REQUEST GET https://firebase.googleapis.com/v1beta1/projects?pageSize=100  
 
[debug] [2020-12-04T06:11:26.830Z] <<< HTTP RESPONSE 200 {"content-type":"application/json; charset=UTF-8","vary":"X-Origin, Referer, Origin,Accept-Encoding","date":"Fri, 04 Dec 2020 06:11:28 GMT","server":"ESF","cache-control":"private","x-xss-protection":"0","x-frame-options":"SAMEORIGIN","x-content-type-options":"nosniff","alt-svc":"h3-29=\":443\"; ma=2592000,h3-T051=\":443\"; ma=2592000,h3-Q050=\":443\"; ma=2592000,h3-Q046=\":443\"; ma=2592000,h3-Q043=\":443\"; ma=2592000,quic=\":443\"; ma=2592000; v=\"46,43\"","accept-ranges":"none","transfer-encoding":"chunked"}
[debug] [2020-12-04T06:14:21.605Z] ----------------------------------------------------------------------
[debug] [2020-12-04T06:14:21.607Z] Command:       C:\Program Files\nodejs\node.exe C:\Users\DANNY\AppData\Roaming\npm\node_modules\firebase-tools\lib\bin\firebase.js init
[debug] [2020-12-04T06:14:21.607Z] CLI Version:   8.17.0
[debug] [2020-12-04T06:14:21.608Z] Platform:      win32
[debug] [2020-12-04T06:14:21.608Z] Node Version:  v12.19.0
[debug] [2020-12-04T06:14:21.609Z] Time:          Thu Dec 03 2020 22:14:21 GMT-0800 (Pacific Standard Time)
[debug] [2020-12-04T06:14:21.609Z] ----------------------------------------------------------------------
[debug] [2020-12-04T06:14:21.609Z] 
[debug] [2020-12-04T06:14:21.614Z] > command requires scopes: ["email","openid","https://www.googleapis.com/auth/cloudplatformprojects.readonly","https://www.googleapis.com/auth/firebase","https://www.googleapis.com/auth/cloud-platform"]
[debug] [2020-12-04T06:14:21.615Z] > authorizing via signed-in user
[info] 
     ######## #### ########  ######## ########     ###     ######  ########
     ##        ##  ##     ## ##       ##     ##  ##   ##  ##       ##
     ######    ##  ########  ######   ########  #########  ######  ######
     ##        ##  ##    ##  ##       ##     ## ##     ##       ## ##
     ##       #### ##     ## ######## ########  ##     ##  ######  ########

You're about to initialize a Firebase project in this directory:

  E:\Projects\rp\react-portfolio

[info] 
=== Project Setup
[info] 
[info] First, let's associate this project directory with a Firebase project.
[info] You can create multiple project aliases by running firebase use --add, 
[info] but for now we'll just set up a default project.
[info] 
[debug] [2020-12-04T06:14:35.904Z] >>> HTTP REQUEST GET https://firebase.googleapis.com/v1beta1/projects?pageSize=100  
 
[debug] [2020-12-04T06:14:36.202Z] <<< HTTP RESPONSE 200 {"content-type":"application/json; charset=UTF-8","vary":"X-Origin, Referer, Origin,Accept-Encoding","date":"Fri, 04 Dec 2020 06:14:37 GMT","server":"ESF","cache-control":"private","x-xss-protection":"0","x-frame-options":"SAMEORIGIN","x-content-type-options":"nosniff","alt-svc":"h3-29=\":443\"; ma=2592000,h3-T051=\":443\"; ma=2592000,h3-Q050=\":443\"; ma=2592000,h3-Q046=\":443\"; ma=2592000,h3-Q043=\":443\"; ma=2592000,quic=\":443\"; ma=2592000; v=\"46,43\"","accept-ranges":"none","transfer-encoding":"chunked"}
[debug] [2020-12-04T06:15:07.715Z] ----------------------------------------------------------------------
[debug] [2020-12-04T06:15:07.717Z] Command:       C:\Program Files\nodejs\node.exe C:\Users\DANNY\AppData\Roaming\npm\node_modules\firebase-tools\lib\bin\firebase.js init
[debug] [2020-12-04T06:15:07.717Z] CLI Version:   8.17.0
[debug] [2020-12-04T06:15:07.717Z] Platform:      win32
[debug] [2020-12-04T06:15:07.717Z] Node Version:  v12.19.0
[debug] [2020-12-04T06:15:07.718Z] Time:          Thu Dec 03 2020 22:15:07 GMT-0800 (Pacific Standard Time)
[debug] [2020-12-04T06:15:07.718Z] ----------------------------------------------------------------------
[debug] [2020-12-04T06:15:07.719Z] 
[debug] [2020-12-04T06:15:07.726Z] > command requires scopes: ["email","openid","https://www.googleapis.com/auth/cloudplatformprojects.readonly","https://www.googleapis.com/auth/firebase","https://www.googleapis.com/auth/cloud-platform"]
[debug] [2020-12-04T06:15:07.727Z] > authorizing via signed-in user
[info] 
     ######## #### ########  ######## ########     ###     ######  ########
     ##        ##  ##     ## ##       ##     ##  ##   ##  ##       ##
     ######    ##  ########  ######   ########  #########  ######  ######
     ##        ##  ##    ##  ##       ##     ## ##     ##       ## ##
     ##       #### ##     ## ######## ########  ##     ##  ######  ########

You're about to initialize a Firebase project in this directory:

  E:\Projects\rp\react-portfolio

[info] 
=== Project Setup
[info] 
[info] First, let's associate this project directory with a Firebase project.
[info] You can create multiple project aliases by running firebase use --add, 
[info] but for now we'll just set up a default project.
[info] 
[info] i  If you want to create a project in a Google Cloud organization or folder, please use "firebase projects:create" instead, and return to this command when you've created the project. 
[debug] [2020-12-04T06:16:56.943Z] ----------------------------------------------------------------------
[debug] [2020-12-04T06:16:56.945Z] Command:       C:\Program Files\nodejs\node.exe C:\Users\DANNY\AppData\Roaming\npm\node_modules\firebase-tools\lib\bin\firebase.js init
[debug] [2020-12-04T06:16:56.945Z] CLI Version:   8.17.0
[debug] [2020-12-04T06:16:56.945Z] Platform:      win32
[debug] [2020-12-04T06:16:56.945Z] Node Version:  v12.19.0
[debug] [2020-12-04T06:16:56.946Z] Time:          Thu Dec 03 2020 22:16:56 GMT-0800 (Pacific Standard Time)
[debug] [2020-12-04T06:16:56.947Z] ----------------------------------------------------------------------
[debug] [2020-12-04T06:16:56.947Z] 
[debug] [2020-12-04T06:16:56.952Z] > command requires scopes: ["email","openid","https://www.googleapis.com/auth/cloudplatformprojects.readonly","https://www.googleapis.com/auth/firebase","https://www.googleapis.com/auth/cloud-platform"]
[debug] [2020-12-04T06:16:56.953Z] > authorizing via signed-in user
[info] 
     ######## #### ########  ######## ########     ###     ######  ########
     ##        ##  ##     ## ##       ##     ##  ##   ##  ##       ##
     ######    ##  ########  ######   ########  #########  ######  ######
     ##        ##  ##    ##  ##       ##     ## ##     ##       ## ##
     ##       #### ##     ## ######## ########  ##     ##  ######  ########

You're about to initialize a Firebase project in this directory:

  E:\projects\rp\react-portfolio

